<?xml version="1.0" encoding="UTF-8"?>
<testng-results total="1" passed="1" failed="0" skipped="0">
  <reporter-output>
  </reporter-output>
  <suite started-at="2021-12-12T07:48:48Z" name="Suite" finished-at="2021-12-12T07:48:53Z" duration-ms="5316">
    <groups>
    </groups>
    <test started-at="2021-12-12T07:48:48Z" name="Test" finished-at="2021-12-12T07:48:53Z" duration-ms="5316">
      <class name="MyTest">
        <test-method is-config="true" signature="beforeTest()[pri:0, instance:MyTest@5e3d57c7]" started-at="2021-12-12T13:18:48Z" name="beforeTest" finished-at="2021-12-12T13:18:49Z" duration-ms="952" status="PASS">
          <reporter-output>
          </reporter-output>
        </test-method> <!-- beforeTest -->
        <test-method signature="testEasy()[pri:0, instance:MyTest@5e3d57c7]" started-at="2021-12-12T13:18:49Z" name="testEasy" finished-at="2021-12-12T13:18:53Z" duration-ms="4216" status="PASS">
          <reporter-output>
          </reporter-output>
        </test-method> <!-- testEasy -->
        <test-method is-config="true" signature="afterTest()[pri:0, instance:MyTest@5e3d57c7]" started-at="2021-12-12T13:18:53Z" name="afterTest" finished-at="2021-12-12T13:18:53Z" duration-ms="136" status="PASS">
          <reporter-output>
          </reporter-output>
        </test-method> <!-- afterTest -->
      </class> <!-- MyTest -->
    </test> <!-- Test -->
  </suite> <!-- Suite -->
</testng-results>
